#
# There is insufficient memory for the Java Runtime Environment to continue.
# Native memory allocation (malloc) failed to allocate 2011520 bytes for Chunk::new
# Possible reasons:
#   The system is out of physical RAM or swap space
#   The process is running with CompressedOops enabled, and the Java Heap may be blocking the growth of the native heap
# Possible solutions:
#   Reduce memory load on the system
#   Increase physical memory or swap space
#   Check if swap backing store is full
#   Decrease Java heap size (-Xmx/-Xms)
#   Decrease number of Java threads
#   Decrease Java thread stack sizes (-Xss)
#   Set larger code cache with -XX:ReservedCodeCacheSize=
#   JVM is running with Unscaled Compressed Oops mode in which the Java heap is
#     placed in the first 4GB address space. The Java Heap base address is the
#     maximum limit for the native heap growth. Please use -XX:HeapBaseMinAddress
#     to set the Java Heap base and to place the Java Heap above 4GB virtual address.
# This output file may be truncated or incomplete.
#
#  Out of Memory Error (arena.cpp:189), pid=25156, tid=31856
#
# JRE version: OpenJDK Runtime Environment Temurin-17.0.2+8 (17.0.2+8) (build 17.0.2+8)
# Java VM: OpenJDK 64-Bit Server VM Temurin-17.0.2+8 (17.0.2+8, mixed mode, sharing, tiered, compressed oops, compressed class ptrs, g1 gc, windows-amd64)
# No core dump will be written. Minidumps are not enabled by default on client versions of Windows
#

---------------  S U M M A R Y ------------

Command Line: -javaagent:C:\Program Files (x86)\JetBrains\IntelliJ IDEA Community Edition 2024.1.4\lib\idea_rt.jar=57556:C:\Program Files (x86)\JetBrains\IntelliJ IDEA Community Edition 2024.1.4\bin -Dfile.encoding=UTF-8 com.java.ipm.InsurancePolicyManagementApplication

Host: AMD Ryzen 5 PRO 3500U w/ Radeon Vega Mobile Gfx, 8 cores, 5G,  Windows 11 , 64 bit Build 26100 (10.0.26100.5074)
Time: Mon Sep 29 12:16:16 2025 India Standard Time elapsed time: 21.713959 seconds (0d 0h 0m 21s)

---------------  T H R E A D  ---------------

Current thread (0x0000026e62149450):  JavaThread "C2 CompilerThread0" daemon [_thread_in_native, id=31856, stack(0x000000dcf1e00000,0x000000dcf1f00000)]


Current CompileTask:
C2:  21715 5531   !   4       org.springframework.core.annotation.AnnotationsScanner::processClassHierarchy (234 bytes)

Stack: [0x000000dcf1e00000,0x000000dcf1f00000]
Native frames: (J=compiled Java code, j=interpreted, Vv=VM code, C=native code)
V  [jvm.dll+0x67564a]
V  [jvm.dll+0x82fc04]
V  [jvm.dll+0x8313ae]
V  [jvm.dll+0x831a13]
V  [jvm.dll+0x245235]
V  [jvm.dll+0xabd7b]
V  [jvm.dll+0xac30c]
V  [jvm.dll+0x3631f7]
V  [jvm.dll+0x1bb702]
V  [jvm.dll+0x218229]
V  [jvm.dll+0x2174f1]
V  [jvm.dll+0x1a3a8d]
V  [jvm.dll+0x226ef8]
V  [jvm.dll+0x22503c]
V  [jvm.dll+0x7e596b]
V  [jvm.dll+0x7dff2a]
V  [jvm.dll+0x6744d5]
C  [ucrtbase.dll+0x37b0]
C  [KERNEL32.DLL+0x2e8d7]
C  [ntdll.dll+0x8d9c]


---------------  P R O C E S S  ---------------

Threads class SMR info:
_java_thread_list=0x0000026e63d46710, length=21, elements={
0x0000026e433d5410, 0x0000026e62129050, 0x0000026e6212bc10, 0x0000026e6213ed30,
0x0000026e6213f8e0, 0x0000026e621422a0, 0x0000026e62146150, 0x0000026e62149450,
0x0000026e62155e60, 0x0000026e62170040, 0x0000026e62c64120, 0x0000026e62e7f820,
0x0000026e62e7fcf0, 0x0000026e6370b080, 0x0000026e63402ae0, 0x0000026e6454e200,
0x0000026e65618580, 0x0000026e642f9ad0, 0x0000026e65bf0310, 0x0000026e65bf24c0,
0x0000026e65bf1180
}

Java Threads: ( => current thread )
  0x0000026e433d5410 JavaThread "main" [_thread_blocked, id=29164, stack(0x000000dcf1100000,0x000000dcf1200000)]
  0x0000026e62129050 JavaThread "Reference Handler" daemon [_thread_blocked, id=19664, stack(0x000000dcf1800000,0x000000dcf1900000)]
  0x0000026e6212bc10 JavaThread "Finalizer" daemon [_thread_blocked, id=6332, stack(0x000000dcf1900000,0x000000dcf1a00000)]
  0x0000026e6213ed30 JavaThread "Signal Dispatcher" daemon [_thread_blocked, id=26592, stack(0x000000dcf1a00000,0x000000dcf1b00000)]
  0x0000026e6213f8e0 JavaThread "Attach Listener" daemon [_thread_blocked, id=26280, stack(0x000000dcf1b00000,0x000000dcf1c00000)]
  0x0000026e621422a0 JavaThread "Service Thread" daemon [_thread_blocked, id=31196, stack(0x000000dcf1c00000,0x000000dcf1d00000)]
  0x0000026e62146150 JavaThread "Monitor Deflation Thread" daemon [_thread_blocked, id=31424, stack(0x000000dcf1d00000,0x000000dcf1e00000)]
=>0x0000026e62149450 JavaThread "C2 CompilerThread0" daemon [_thread_in_native, id=31856, stack(0x000000dcf1e00000,0x000000dcf1f00000)]
  0x0000026e62155e60 JavaThread "C1 CompilerThread0" daemon [_thread_blocked, id=25220, stack(0x000000dcf1f00000,0x000000dcf2000000)]
  0x0000026e62170040 JavaThread "Sweeper thread" daemon [_thread_blocked, id=26136, stack(0x000000dcf2000000,0x000000dcf2100000)]
  0x0000026e62c64120 JavaThread "Common-Cleaner" daemon [_thread_blocked, id=21024, stack(0x000000dcf2100000,0x000000dcf2200000)]
  0x0000026e62e7f820 JavaThread "Monitor Ctrl-Break" daemon [_thread_in_native, id=4948, stack(0x000000dcf2200000,0x000000dcf2300000)]
  0x0000026e62e7fcf0 JavaThread "Notification Thread" daemon [_thread_blocked, id=13564, stack(0x000000dcf2300000,0x000000dcf2400000)]
  0x0000026e6370b080 JavaThread "Thread-0" [_thread_blocked, id=23300, stack(0x000000dcf2500000,0x000000dcf2600000)]
  0x0000026e63402ae0 JavaThread "restartedMain" [_thread_in_Java, id=19868, stack(0x000000dcf2600000,0x000000dcf2700000)]
  0x0000026e6454e200 JavaThread "PostgreSQL-JDBC-Cleaner" daemon [_thread_blocked, id=5584, stack(0x000000dcf2d00000,0x000000dcf2e00000)]
  0x0000026e65618580 JavaThread "HikariPool-1 housekeeper" daemon [_thread_blocked, id=13756, stack(0x000000dcf3100000,0x000000dcf3200000)]
  0x0000026e642f9ad0 JavaThread "C2 CompilerThread1" daemon [_thread_in_native, id=10356, stack(0x000000dcf3300000,0x000000dcf3400000)]
  0x0000026e65bf0310 JavaThread "Catalina-utility-1" [_thread_blocked, id=10612, stack(0x000000dcf3400000,0x000000dcf3500000)]
  0x0000026e65bf24c0 JavaThread "Catalina-utility-2" [_thread_blocked, id=30980, stack(0x000000dcf3500000,0x000000dcf3600000)]
  0x0000026e65bf1180 JavaThread "container-0" [_thread_blocked, id=19780, stack(0x000000dcf3600000,0x000000dcf3700000)]

Other Threads:
  0x0000026e621275d0 VMThread "VM Thread" [stack: 0x000000dcf1700000,0x000000dcf1800000] [id=26012]
  0x0000026e434391a0 WatcherThread [stack: 0x000000dcf2400000,0x000000dcf2500000] [id=24848]
  0x0000026e4340c4f0 GCTaskThread "GC Thread#0" [stack: 0x000000dcf1200000,0x000000dcf1300000] [id=12392]
  0x0000026e63404390 GCTaskThread "GC Thread#1" [stack: 0x000000dcf2700000,0x000000dcf2800000] [id=17792]
  0x0000026e63404640 GCTaskThread "GC Thread#2" [stack: 0x000000dcf2800000,0x000000dcf2900000] [id=10536]
  0x0000026e637d54c0 GCTaskThread "GC Thread#3" [stack: 0x000000dcf2900000,0x000000dcf2a00000] [id=5352]
  0x0000026e637d5bf0 GCTaskThread "GC Thread#4" [stack: 0x000000dcf2a00000,0x000000dcf2b00000] [id=13220]
  0x0000026e637d6320 GCTaskThread "GC Thread#5" [stack: 0x000000dcf2b00000,0x000000dcf2c00000] [id=10096]
  0x0000026e63788b70 GCTaskThread "GC Thread#6" [stack: 0x000000dcf2c00000,0x000000dcf2d00000] [id=15176]
  0x0000026e63795690 GCTaskThread "GC Thread#7" [stack: 0x000000dcf2e00000,0x000000dcf2f00000] [id=1424]
  0x0000026e43419e00 ConcurrentGCThread "G1 Main Marker" [stack: 0x000000dcf1300000,0x000000dcf1400000] [id=21820]
  0x0000026e4341d240 ConcurrentGCThread "G1 Conc#0" [stack: 0x000000dcf1400000,0x000000dcf1500000] [id=29988]
  0x0000026e641c0cc0 ConcurrentGCThread "G1 Conc#1" [stack: 0x000000dcf2f00000,0x000000dcf3000000] [id=30732]
  0x0000026e61fe04a0 ConcurrentGCThread "G1 Refine#0" [stack: 0x000000dcf1500000,0x000000dcf1600000] [id=9668]
  0x0000026e61fe0d60 ConcurrentGCThread "G1 Service" [stack: 0x000000dcf1600000,0x000000dcf1700000] [id=27456]

Threads with active compile tasks:
C2 CompilerThread0    21821 5531   !   4       org.springframework.core.annotation.AnnotationsScanner::processClassHierarchy (234 bytes)
C1 CompilerThread0    21821 5640   !   2       org.springframework.beans.factory.support.AbstractAutowireCapableBeanFactory::initializeBean (93 bytes)
C2 CompilerThread1    21821 5465   !   4       org.springframework.core.annotation.AnnotationsScanner::processMethodHierarchy (276 bytes)

VM state: not at safepoint (normal execution)

VM Mutex/Monitor currently owned by a thread: None

Heap address: 0x00000000a1800000, size: 1512 MB, Compressed Oops mode: 32-bit

CDS archive(s) mapped at: [0x0000000800000000-0x0000000800bc0000-0x0000000800bc0000), size 12320768, SharedBaseAddress: 0x0000000800000000, ArchiveRelocationMode: 0.
Compressed class space mapped at: 0x0000000800c00000-0x0000000840c00000, reserved size: 1073741824
Narrow klass base: 0x0000000800000000, Narrow klass shift: 0, Narrow klass range: 0x100000000

GC Precious Log:
 CPUs: 8 total, 8 available
 Memory: 6045M
 Large Page Support: Disabled
 NUMA Support: Disabled
 Compressed Oops: Enabled (32-bit)
 Heap Region Size: 1M
 Heap Min Capacity: 8M
 Heap Initial Capacity: 96M
 Heap Max Capacity: 1512M
 Pre-touch: Disabled
 Parallel Workers: 8
 Concurrent Workers: 2
 Concurrent Refinement Workers: 8
 Periodic GC: Disabled

Heap:
 garbage-first heap   total 51200K, used 32586K [0x00000000a1800000, 0x0000000100000000)
  region size 1024K, 6 young (6144K), 2 survivors (2048K)
 Metaspace       used 65704K, committed 66240K, reserved 1105920K
  class space    used 9216K, committed 9472K, reserved 1048576K

Heap Regions: E=young(eden), S=young(survivor), O=old, HS=humongous(starts), HC=humongous(continues), CS=collection set, F=free, OA=open archive, CA=closed archive, TAMS=top-at-mark-start (previous, next)
|   0|0x00000000a1800000, 0x00000000a1900000, 0x00000000a1900000|100%|HS|  |TAMS 0x00000000a1900000, 0x00000000a1800000| Complete 
|   1|0x00000000a1900000, 0x00000000a1a00000, 0x00000000a1a00000|100%|HS|  |TAMS 0x00000000a1a00000, 0x00000000a1900000| Complete 
|   2|0x00000000a1a00000, 0x00000000a1b00000, 0x00000000a1b00000|100%| O|  |TAMS 0x00000000a1b00000, 0x00000000a1a00000| Untracked 
|   3|0x00000000a1b00000, 0x00000000a1c00000, 0x00000000a1c00000|100%| O|  |TAMS 0x00000000a1c00000, 0x00000000a1b00000| Untracked 
|   4|0x00000000a1c00000, 0x00000000a1d00000, 0x00000000a1d00000|100%| O|  |TAMS 0x00000000a1d00000, 0x00000000a1c00000| Untracked 
|   5|0x00000000a1d00000, 0x00000000a1e00000, 0x00000000a1e00000|100%| O|  |TAMS 0x00000000a1e00000, 0x00000000a1d00000| Untracked 
|   6|0x00000000a1e00000, 0x00000000a1f00000, 0x00000000a1f00000|100%| O|  |TAMS 0x00000000a1f00000, 0x00000000a1e00000| Untracked 
|   7|0x00000000a1f00000, 0x00000000a2000000, 0x00000000a2000000|100%| O|  |TAMS 0x00000000a2000000, 0x00000000a1f00000| Untracked 
|   8|0x00000000a2000000, 0x00000000a2100000, 0x00000000a2100000|100%| O|  |TAMS 0x00000000a2100000, 0x00000000a2000000| Untracked 
|   9|0x00000000a2100000, 0x00000000a2200000, 0x00000000a2200000|100%| O|  |TAMS 0x00000000a2200000, 0x00000000a2100000| Untracked 
|  10|0x00000000a2200000, 0x00000000a2300000, 0x00000000a2300000|100%| O|  |TAMS 0x00000000a2300000, 0x00000000a2200000| Untracked 
|  11|0x00000000a2300000, 0x00000000a2400000, 0x00000000a2400000|100%| O|  |TAMS 0x00000000a2400000, 0x00000000a2300000| Untracked 
|  12|0x00000000a2400000, 0x00000000a2500000, 0x00000000a2500000|100%| O|  |TAMS 0x00000000a2500000, 0x00000000a2400000| Untracked 
|  13|0x00000000a2500000, 0x00000000a2600000, 0x00000000a2600000|100%| O|  |TAMS 0x00000000a2600000, 0x00000000a2500000| Untracked 
|  14|0x00000000a2600000, 0x00000000a2700000, 0x00000000a2700000|100%| O|  |TAMS 0x00000000a2700000, 0x00000000a2600000| Untracked 
|  15|0x00000000a2700000, 0x00000000a2800000, 0x00000000a2800000|100%| O|  |TAMS 0x00000000a2800000, 0x00000000a2700000| Untracked 
|  16|0x00000000a2800000, 0x00000000a2900000, 0x00000000a2900000|100%| O|  |TAMS 0x00000000a2900000, 0x00000000a2800000| Untracked 
|  17|0x00000000a2900000, 0x00000000a2a00000, 0x00000000a2a00000|100%| O|  |TAMS 0x00000000a2a00000, 0x00000000a2900000| Untracked 
|  18|0x00000000a2a00000, 0x00000000a2b00000, 0x00000000a2b00000|100%| O|  |TAMS 0x00000000a2b00000, 0x00000000a2a00000| Untracked 
|  19|0x00000000a2b00000, 0x00000000a2c00000, 0x00000000a2c00000|100%| O|  |TAMS 0x00000000a2c00000, 0x00000000a2b00000| Untracked 
|  20|0x00000000a2c00000, 0x00000000a2d00000, 0x00000000a2d00000|100%| O|  |TAMS 0x00000000a2d00000, 0x00000000a2c00000| Untracked 
|  21|0x00000000a2d00000, 0x00000000a2e00000, 0x00000000a2e00000|100%| O|  |TAMS 0x00000000a2e00000, 0x00000000a2d00000| Untracked 
|  22|0x00000000a2e00000, 0x00000000a2f00000, 0x00000000a2f00000|100%| O|  |TAMS 0x00000000a2f00000, 0x00000000a2e00000| Untracked 
|  23|0x00000000a2f00000, 0x00000000a3000000, 0x00000000a3000000|100%| O|  |TAMS 0x00000000a3000000, 0x00000000a2f00000| Untracked 
|  24|0x00000000a3000000, 0x00000000a3100000, 0x00000000a3100000|100%| O|  |TAMS 0x00000000a3032a00, 0x00000000a3000000| Untracked 
|  25|0x00000000a3100000, 0x00000000a3200000, 0x00000000a3200000|100%| O|  |TAMS 0x00000000a3100000, 0x00000000a3100000| Untracked 
|  26|0x00000000a3200000, 0x00000000a3300000, 0x00000000a3300000|100%| O|  |TAMS 0x00000000a3200000, 0x00000000a3200000| Untracked 
|  27|0x00000000a3300000, 0x00000000a333ca00, 0x00000000a3400000| 23%| O|  |TAMS 0x00000000a3300000, 0x00000000a3300000| Untracked 
|  28|0x00000000a3400000, 0x00000000a3400000, 0x00000000a3500000|  0%| F|  |TAMS 0x00000000a3400000, 0x00000000a3400000| Untracked 
|  29|0x00000000a3500000, 0x00000000a3500000, 0x00000000a3600000|  0%| F|  |TAMS 0x00000000a3500000, 0x00000000a3500000| Untracked 
|  30|0x00000000a3600000, 0x00000000a3600000, 0x00000000a3700000|  0%| F|  |TAMS 0x00000000a3600000, 0x00000000a3600000| Untracked 
|  31|0x00000000a3700000, 0x00000000a3700000, 0x00000000a3800000|  0%| F|  |TAMS 0x00000000a3700000, 0x00000000a3700000| Untracked 
|  32|0x00000000a3800000, 0x00000000a3800000, 0x00000000a3900000|  0%| F|  |TAMS 0x00000000a3800000, 0x00000000a3800000| Untracked 
|  33|0x00000000a3900000, 0x00000000a3996030, 0x00000000a3a00000| 58%| S|CS|TAMS 0x00000000a3900000, 0x00000000a3900000| Complete 
|  34|0x00000000a3a00000, 0x00000000a3a00000, 0x00000000a3b00000|  0%| F|  |TAMS 0x00000000a3a00000, 0x00000000a3a00000| Untracked 
|  35|0x00000000a3b00000, 0x00000000a3b00000, 0x00000000a3c00000|  0%| F|  |TAMS 0x00000000a3b00000, 0x00000000a3b00000| Untracked 
|  36|0x00000000a3c00000, 0x00000000a3d00000, 0x00000000a3d00000|100%| S|CS|TAMS 0x00000000a3c00000, 0x00000000a3c00000| Complete 
|  37|0x00000000a3d00000, 0x00000000a3d00000, 0x00000000a3e00000|  0%| F|  |TAMS 0x00000000a3d00000, 0x00000000a3d00000| Untracked 
|  38|0x00000000a3e00000, 0x00000000a3e00000, 0x00000000a3f00000|  0%| F|  |TAMS 0x00000000a3e00000, 0x00000000a3e00000| Untracked 
|  39|0x00000000a3f00000, 0x00000000a3f00000, 0x00000000a4000000|  0%| F|  |TAMS 0x00000000a3f00000, 0x00000000a3f00000| Untracked 
|  40|0x00000000a4000000, 0x00000000a4000000, 0x00000000a4100000|  0%| F|  |TAMS 0x00000000a4000000, 0x00000000a4000000| Untracked 
|  41|0x00000000a4100000, 0x00000000a4100000, 0x00000000a4200000|  0%| F|  |TAMS 0x00000000a4100000, 0x00000000a4100000| Untracked 
|  42|0x00000000a4200000, 0x00000000a4200000, 0x00000000a4300000|  0%| F|  |TAMS 0x00000000a4200000, 0x00000000a4200000| Untracked 
|  44|0x00000000a4400000, 0x00000000a4400000, 0x00000000a4500000|  0%| F|  |TAMS 0x00000000a4400000, 0x00000000a4400000| Untracked 
|  45|0x00000000a4500000, 0x00000000a4500000, 0x00000000a4600000|  0%| F|  |TAMS 0x00000000a4500000, 0x00000000a4500000| Untracked 
|  46|0x00000000a4600000, 0x00000000a4600000, 0x00000000a4700000|  0%| F|  |TAMS 0x00000000a4600000, 0x00000000a4600000| Untracked 
|  47|0x00000000a4700000, 0x00000000a47db3e8, 0x00000000a4800000| 85%| E|  |TAMS 0x00000000a4700000, 0x00000000a4700000| Complete 
|  48|0x00000000a4800000, 0x00000000a4900000, 0x00000000a4900000|100%| E|CS|TAMS 0x00000000a4800000, 0x00000000a4800000| Complete 
|  49|0x00000000a4900000, 0x00000000a4a00000, 0x00000000a4a00000|100%| E|CS|TAMS 0x00000000a4900000, 0x00000000a4900000| Complete 
|  95|0x00000000a7700000, 0x00000000a7800000, 0x00000000a7800000|100%| E|CS|TAMS 0x00000000a7700000, 0x00000000a7700000| Complete 

Card table byte_map: [0x0000026e5c180000,0x0000026e5c480000] _byte_map_base: 0x0000026e5bc74000

Marking Bits (Prev, Next): (CMBitMap*) 0x0000026e4340cb00, (CMBitMap*) 0x0000026e4340cb40
 Prev Bits: [0x0000026e5c780000, 0x0000026e5df20000)
 Next Bits: [0x0000026e5df20000, 0x0000026e5f6c0000)

Polling page: 0x0000026e43080000

Metaspace:

Usage:
  Non-class:     55.19 MB used.
      Class:      9.01 MB used.
       Both:     64.20 MB used.

Virtual space:
  Non-class space:       56.00 MB reserved,      55.50 MB (>99%) committed,  7 nodes.
      Class space:        1.00 GB reserved,       9.25 MB ( <1%) committed,  1 nodes.
             Both:        1.05 GB reserved,      64.75 MB (  6%) committed. 

Chunk freelists:
   Non-Class:  224.00 KB
       Class:  2.58 MB
        Both:  2.80 MB

MaxMetaspaceSize: unlimited
CompressedClassSpaceSize: 1.00 GB
Initial GC threshold: 21.00 MB
Current GC threshold: 104.62 MB
CDS: on
MetaspaceReclaimPolicy: balanced
 - commit_granule_bytes: 65536.
 - commit_granule_words: 8192.
 - virtual_space_node_default_size: 1048576.
 - enlarge_chunks_in_place: 1.
 - new_chunks_are_fully_committed: 0.
 - uncommit_free_chunks: 1.
 - use_allocation_guard: 0.
 - handle_deallocations: 1.


Internal statistics:

num_allocs_failed_limit: 9.
num_arena_births: 820.
num_arena_deaths: 0.
num_vsnodes_births: 8.
num_vsnodes_deaths: 0.
num_space_committed: 1036.
num_space_uncommitted: 0.
num_chunks_returned_to_freelist: 9.
num_chunks_taken_from_freelist: 3264.
num_chunk_merges: 6.
num_chunk_splits: 2341.
num_chunks_enlarged: 1848.
num_purges: 0.
num_inconsistent_stats: 0.

CodeHeap 'non-profiled nmethods': size=120000Kb used=2657Kb max_used=3192Kb free=117342Kb
 bounds [0x0000026e53ef0000, 0x0000026e54220000, 0x0000026e5b420000]
CodeHeap 'profiled nmethods': size=120000Kb used=9339Kb max_used=11105Kb free=110660Kb
 bounds [0x0000026e4c9c0000, 0x0000026e4d4a0000, 0x0000026e53ef0000]
CodeHeap 'non-nmethods': size=5760Kb used=1330Kb max_used=1389Kb free=4429Kb
 bounds [0x0000026e4c420000, 0x0000026e4c690000, 0x0000026e4c9c0000]
 total_blobs=5465 nmethods=4802 adapters=575
 compilation: enabled
              stopped_count=0, restarted_count=0
 full_count=0

Compilation events (20 events):
Event: 20.575 Thread 0x0000026e62155e60 5615   !   2       jdk.proxy2.$Proxy61::annotationType (29 bytes)
Event: 20.576 Thread 0x0000026e62155e60 nmethod 5615 0x0000026e4cc05e10 code [0x0000026e4cc05fc0, 0x0000026e4cc06238]
Event: 20.669 Thread 0x0000026e62155e60 5616       2       org.springframework.beans.MutablePropertyValues::isEmpty (10 bytes)
Event: 20.669 Thread 0x0000026e62155e60 nmethod 5616 0x0000026e4cc05a90 code [0x0000026e4cc05c20, 0x0000026e4cc05d48]
Event: 20.669 Thread 0x0000026e62155e60 5617       2       org.springframework.boot.web.servlet.context.WebApplicationContextServletContextAwareProcessor::getServletContext (23 bytes)
Event: 20.670 Thread 0x0000026e62155e60 nmethod 5617 0x0000026e4cc4f490 code [0x0000026e4cc4f660, 0x0000026e4cc4f898]
Event: 20.676 Thread 0x0000026e62155e60 5618   !   2       org.springframework.beans.factory.support.AbstractAutowireCapableBeanFactory::createBeanInstance (245 bytes)
Event: 20.678 Thread 0x0000026e62155e60 nmethod 5618 0x0000026e4ce2f490 code [0x0000026e4ce2f760, 0x0000026e4ce302a8]
Event: 20.678 Thread 0x0000026e62155e60 5620   !   2       org.springframework.beans.factory.support.DefaultSingletonBeanRegistry::getSingleton (181 bytes)
Event: 20.679 Thread 0x0000026e62155e60 nmethod 5620 0x0000026e4cfd5b90 code [0x0000026e4cfd5de0, 0x0000026e4cfd62e8]
Event: 20.679 Thread 0x0000026e62155e60 5619       2       org.springframework.beans.support.ResourceEditorRegistrar::doRegisterEditor (32 bytes)
Event: 20.680 Thread 0x0000026e62155e60 nmethod 5619 0x0000026e4cd52890 code [0x0000026e4cd52a60, 0x0000026e4cd52d58]
Event: 20.680 Thread 0x0000026e62155e60 5621       2       org.springframework.core.convert.support.GenericConversionService$ConverterCacheKey::equals (51 bytes)
Event: 20.680 Thread 0x0000026e62155e60 nmethod 5621 0x0000026e4cdd5890 code [0x0000026e4cdd5a40, 0x0000026e4cdd5c78]
Event: 20.681 Thread 0x0000026e62155e60 5622       1       org.apache.catalina.core.StandardContext::getTldValidation (5 bytes)
Event: 20.682 Thread 0x0000026e62155e60 nmethod 5622 0x0000026e54101a90 code [0x0000026e54101c20, 0x0000026e54101cf8]
Event: 20.682 Thread 0x0000026e62155e60 5623       1       org.apache.catalina.core.StandardContext::getXmlBlockExternal (5 bytes)
Event: 20.682 Thread 0x0000026e62155e60 nmethod 5623 0x0000026e53f67d10 code [0x0000026e53f67ea0, 0x0000026e53f67f78]
Event: 20.684 Thread 0x0000026e62155e60 5624       1       org.springframework.beans.factory.config.DependencyDescriptor::supportsLazyResolution (2 bytes)
Event: 20.684 Thread 0x0000026e62155e60 nmethod 5624 0x0000026e53f67890 code [0x0000026e53f67a20, 0x0000026e53f67af8]

GC Heap History (20 events):
Event: 13.035 GC heap before
{Heap before GC invocations=11 (full 0):
 garbage-first heap   total 51200K, used 39023K [0x00000000a1800000, 0x0000000100000000)
  region size 1024K, 20 young (20480K), 2 survivors (2048K)
 Metaspace       used 40243K, committed 40640K, reserved 1089536K
  class space    used 5478K, committed 5632K, reserved 1048576K
}
Event: 13.038 GC heap after
{Heap after GC invocations=12 (full 0):
 garbage-first heap   total 51200K, used 21679K [0x00000000a1800000, 0x0000000100000000)
  region size 1024K, 3 young (3072K), 3 survivors (3072K)
 Metaspace       used 40243K, committed 40640K, reserved 1089536K
  class space    used 5478K, committed 5632K, reserved 1048576K
}
Event: 13.073 GC heap before
{Heap before GC invocations=12 (full 0):
 garbage-first heap   total 51200K, used 22703K [0x00000000a1800000, 0x0000000100000000)
  region size 1024K, 4 young (4096K), 3 survivors (3072K)
 Metaspace       used 40546K, committed 40960K, reserved 1089536K
  class space    used 5513K, committed 5696K, reserved 1048576K
}
Event: 13.077 GC heap after
{Heap after GC invocations=13 (full 0):
 garbage-first heap   total 51200K, used 21601K [0x00000000a1800000, 0x0000000100000000)
  region size 1024K, 1 young (1024K), 1 survivors (1024K)
 Metaspace       used 40546K, committed 40960K, reserved 1089536K
  class space    used 5513K, committed 5696K, reserved 1048576K
}
Event: 14.240 GC heap before
{Heap before GC invocations=13 (full 0):
 garbage-first heap   total 51200K, used 40033K [0x00000000a1800000, 0x0000000100000000)
  region size 1024K, 19 young (19456K), 1 survivors (1024K)
 Metaspace       used 45234K, committed 45696K, reserved 1089536K
  class space    used 6118K, committed 6336K, reserved 1048576K
}
Event: 14.244 GC heap after
{Heap after GC invocations=14 (full 0):
 garbage-first heap   total 51200K, used 22386K [0x00000000a1800000, 0x0000000100000000)
  region size 1024K, 2 young (2048K), 2 survivors (2048K)
 Metaspace       used 45234K, committed 45696K, reserved 1089536K
  class space    used 6118K, committed 6336K, reserved 1048576K
}
Event: 15.206 GC heap before
{Heap before GC invocations=14 (full 0):
 garbage-first heap   total 51200K, used 38770K [0x00000000a1800000, 0x0000000100000000)
  region size 1024K, 19 young (19456K), 2 survivors (2048K)
 Metaspace       used 49225K, committed 49792K, reserved 1097728K
  class space    used 6589K, committed 6848K, reserved 1048576K
}
Event: 15.209 GC heap after
{Heap after GC invocations=15 (full 0):
 garbage-first heap   total 51200K, used 23301K [0x00000000a1800000, 0x0000000100000000)
  region size 1024K, 3 young (3072K), 3 survivors (3072K)
 Metaspace       used 49225K, committed 49792K, reserved 1097728K
  class space    used 6589K, committed 6848K, reserved 1048576K
}
Event: 16.308 GC heap before
{Heap before GC invocations=15 (full 0):
 garbage-first heap   total 51200K, used 39685K [0x00000000a1800000, 0x0000000100000000)
  region size 1024K, 20 young (20480K), 3 survivors (3072K)
 Metaspace       used 53693K, committed 54208K, reserved 1097728K
  class space    used 7440K, committed 7680K, reserved 1048576K
}
Event: 16.312 GC heap after
{Heap after GC invocations=16 (full 0):
 garbage-first heap   total 51200K, used 24007K [0x00000000a1800000, 0x0000000100000000)
  region size 1024K, 2 young (2048K), 2 survivors (2048K)
 Metaspace       used 53693K, committed 54208K, reserved 1097728K
  class space    used 7440K, committed 7680K, reserved 1048576K
}
Event: 18.427 GC heap before
{Heap before GC invocations=16 (full 0):
 garbage-first heap   total 51200K, used 40391K [0x00000000a1800000, 0x0000000100000000)
  region size 1024K, 19 young (19456K), 2 survivors (2048K)
 Metaspace       used 57959K, committed 58496K, reserved 1105920K
  class space    used 8046K, committed 8320K, reserved 1048576K
}
Event: 18.432 GC heap after
{Heap after GC invocations=17 (full 0):
 garbage-first heap   total 51200K, used 25282K [0x00000000a1800000, 0x0000000100000000)
  region size 1024K, 3 young (3072K), 3 survivors (3072K)
 Metaspace       used 57959K, committed 58496K, reserved 1105920K
  class space    used 8046K, committed 8320K, reserved 1048576K
}
Event: 18.734 GC heap before
{Heap before GC invocations=17 (full 0):
 garbage-first heap   total 51200K, used 31426K [0x00000000a1800000, 0x0000000100000000)
  region size 1024K, 11 young (11264K), 3 survivors (3072K)
 Metaspace       used 59542K, committed 60096K, reserved 1105920K
  class space    used 8225K, committed 8512K, reserved 1048576K
}
Event: 18.738 GC heap after
{Heap after GC invocations=18 (full 0):
 garbage-first heap   total 51200K, used 25589K [0x00000000a1800000, 0x0000000100000000)
  region size 1024K, 2 young (2048K), 2 survivors (2048K)
 Metaspace       used 59542K, committed 60096K, reserved 1105920K
  class space    used 8225K, committed 8512K, reserved 1048576K
}
Event: 19.423 GC heap before
{Heap before GC invocations=19 (full 0):
 garbage-first heap   total 51200K, used 39925K [0x00000000a1800000, 0x0000000100000000)
  region size 1024K, 16 young (16384K), 2 survivors (2048K)
 Metaspace       used 61613K, committed 62208K, reserved 1105920K
  class space    used 8619K, committed 8896K, reserved 1048576K
}
Event: 19.427 GC heap after
{Heap after GC invocations=20 (full 0):
 garbage-first heap   total 51200K, used 26826K [0x00000000a1800000, 0x0000000100000000)
  region size 1024K, 2 young (2048K), 2 survivors (2048K)
 Metaspace       used 61613K, committed 62208K, reserved 1105920K
  class space    used 8619K, committed 8896K, reserved 1048576K
}
Event: 20.026 GC heap before
{Heap before GC invocations=20 (full 0):
 garbage-first heap   total 51200K, used 41162K [0x00000000a1800000, 0x0000000100000000)
  region size 1024K, 16 young (16384K), 2 survivors (2048K)
 Metaspace       used 63673K, committed 64256K, reserved 1105920K
  class space    used 8910K, committed 9152K, reserved 1048576K
}
Event: 20.031 GC heap after
{Heap after GC invocations=21 (full 0):
 garbage-first heap   total 51200K, used 28025K [0x00000000a1800000, 0x0000000100000000)
  region size 1024K, 2 young (2048K), 2 survivors (2048K)
 Metaspace       used 63673K, committed 64256K, reserved 1105920K
  class space    used 8910K, committed 9152K, reserved 1048576K
}
Event: 20.654 GC heap before
{Heap before GC invocations=22 (full 0):
 garbage-first heap   total 51200K, used 41337K [0x00000000a1800000, 0x0000000100000000)
  region size 1024K, 15 young (15360K), 2 survivors (2048K)
 Metaspace       used 65233K, committed 65792K, reserved 1105920K
  class space    used 9156K, committed 9408K, reserved 1048576K
}
Event: 20.658 GC heap after
{Heap after GC invocations=23 (full 0):
 garbage-first heap   total 51200K, used 29514K [0x00000000a1800000, 0x0000000100000000)
  region size 1024K, 2 young (2048K), 2 survivors (2048K)
 Metaspace       used 65233K, committed 65792K, reserved 1105920K
  class space    used 9156K, committed 9408K, reserved 1048576K
}

Deoptimization events (20 events):
Event: 20.291 Thread 0x0000026e63402ae0 DEOPT PACKING pc=0x0000026e53f7475c sp=0x000000dcf26fb3a0
Event: 20.291 Thread 0x0000026e63402ae0 DEOPT UNPACKING pc=0x0000026e4c4723a3 sp=0x000000dcf26fb350 mode 2
Event: 20.369 Thread 0x0000026e63402ae0 Uncommon trap: trap_request=0xffffff45 fr.pc=0x0000026e540362c4 relative=0x0000000000000204
Event: 20.369 Thread 0x0000026e63402ae0 Uncommon trap: reason=unstable_if action=reinterpret pc=0x0000026e540362c4 method=org.springframework.beans.factory.support.AbstractAutowireCapableBeanFactory.determineTargetType(Ljava/lang/String;Lorg/springframework/beans/factory/support/RootBeanDefinit
Event: 20.369 Thread 0x0000026e63402ae0 DEOPT PACKING pc=0x0000026e540362c4 sp=0x000000dcf26fce70
Event: 20.369 Thread 0x0000026e63402ae0 DEOPT UNPACKING pc=0x0000026e4c4723a3 sp=0x000000dcf26fce48 mode 2
Event: 20.383 Thread 0x0000026e63402ae0 Uncommon trap: trap_request=0xffffff45 fr.pc=0x0000026e53efa730 relative=0x00000000000001b0
Event: 20.383 Thread 0x0000026e63402ae0 Uncommon trap: reason=unstable_if action=reinterpret pc=0x0000026e53efa730 method=java.lang.String.isLatin1()Z @ 10 c2
Event: 20.383 Thread 0x0000026e63402ae0 DEOPT PACKING pc=0x0000026e53efa730 sp=0x000000dcf26fbbf0
Event: 20.383 Thread 0x0000026e63402ae0 DEOPT UNPACKING pc=0x0000026e4c4723a3 sp=0x000000dcf26fbb20 mode 2
Event: 20.417 Thread 0x0000026e63402ae0 DEOPT PACKING pc=0x0000026e4d0af63b sp=0x000000dcf26fc500
Event: 20.417 Thread 0x0000026e63402ae0 DEOPT UNPACKING pc=0x0000026e4c472b43 sp=0x000000dcf26fbaa0 mode 0
Event: 20.451 Thread 0x0000026e63402ae0 Uncommon trap: trap_request=0xffffffde fr.pc=0x0000026e541afddc relative=0x000000000000013c
Event: 20.451 Thread 0x0000026e63402ae0 Uncommon trap: reason=class_check action=maybe_recompile pc=0x0000026e541afddc method=java.lang.reflect.Method.equals(Ljava/lang/Object;)Z @ 1 c2
Event: 20.451 Thread 0x0000026e63402ae0 DEOPT PACKING pc=0x0000026e541afddc sp=0x000000dcf26fd370
Event: 20.452 Thread 0x0000026e63402ae0 DEOPT UNPACKING pc=0x0000026e4c4723a3 sp=0x000000dcf26fd2f8 mode 2
Event: 20.674 Thread 0x0000026e63402ae0 Uncommon trap: trap_request=0xffffff45 fr.pc=0x0000026e5409f4a0 relative=0x0000000000000620
Event: 20.674 Thread 0x0000026e63402ae0 Uncommon trap: reason=unstable_if action=reinterpret pc=0x0000026e5409f4a0 method=org.springframework.beans.factory.support.DefaultSingletonBeanRegistry.getSingleton(Ljava/lang/String;Z)Ljava/lang/Object; @ 39 c2
Event: 20.674 Thread 0x0000026e63402ae0 DEOPT PACKING pc=0x0000026e5409f4a0 sp=0x000000dcf26fc840
Event: 20.674 Thread 0x0000026e63402ae0 DEOPT UNPACKING pc=0x0000026e4c4723a3 sp=0x000000dcf26fc7e0 mode 2

Classes unloaded (0 events):
No events

Classes redefined (0 events):
No events

Internal exceptions (20 events):
Event: 16.934 Thread 0x0000026e63402ae0 Exception <a 'java/lang/NoSuchMethodError'{0x00000000a41d4000}: 'java.lang.Object java.lang.invoke.DirectMethodHandle$Holder.newInvokeSpecial(java.lang.Object, java.lang.Object, int, java.lang.Object, int, java.lang.Object, java.lang.Object)'> (0x00000000a41d4000) 
thrown [e:\jenkins\tmp\workspace\build\src\src\hotspot\share\interpreter\linkResolver.cpp, line 766]
Event: 16.953 Thread 0x0000026e63402ae0 Exception <a 'java/lang/NoSuchMethodError'{0x00000000a40351e8}: 'void java.lang.invoke.DirectMethodHandle$Holder.invokeInterface(java.lang.Object, java.lang.Object)'> (0x00000000a40351e8) 
thrown [e:\jenkins\tmp\workspace\build\src\src\hotspot\share\interpreter\linkResolver.cpp, line 766]
Event: 18.339 Thread 0x0000026e63402ae0 Exception <a 'java/lang/NoSuchMethodError'{0x00000000a3b08fa8}: 'java.lang.Object java.lang.invoke.DirectMethodHandle$Holder.invokeSpecial(java.lang.Object, java.lang.Object, int, java.lang.Object, int)'> (0x00000000a3b08fa8) 
thrown [e:\jenkins\tmp\workspace\build\src\src\hotspot\share\interpreter\linkResolver.cpp, line 766]
Event: 18.463 Thread 0x0000026e63402ae0 Exception <a 'java/lang/IncompatibleClassChangeError'{0x00000000a497b4b8}: Found class java.lang.Object, but interface was expected> (0x00000000a497b4b8) 
thrown [e:\jenkins\tmp\workspace\build\src\src\hotspot\share\interpreter\linkResolver.cpp, line 833]
Event: 18.542 Thread 0x0000026e63402ae0 Exception <a 'java/lang/IncompatibleClassChangeError'{0x00000000a471e468}: Found class java.lang.Object, but interface was expected> (0x00000000a471e468) 
thrown [e:\jenkins\tmp\workspace\build\src\src\hotspot\share\interpreter\linkResolver.cpp, line 833]
Event: 18.887 Thread 0x0000026e63402ae0 Exception <a 'java/lang/IncompatibleClassChangeError'{0x00000000a48ae120}: Found class java.lang.Object, but interface was expected> (0x00000000a48ae120) 
thrown [e:\jenkins\tmp\workspace\build\src\src\hotspot\share\interpreter\linkResolver.cpp, line 833]
Event: 19.013 Thread 0x0000026e63402ae0 Exception <a 'java/lang/reflect/InvocationTargetException'{0x00000000a450bde0}> (0x00000000a450bde0) 
thrown [e:\jenkins\tmp\workspace\build\src\src\hotspot\share\runtime\reflection.cpp, line 1121]
Event: 19.044 Thread 0x0000026e63402ae0 Exception <a 'java/lang/NoSuchMethodError'{0x00000000a4572430}: 'int java.lang.invoke.DirectMethodHandle$Holder.invokeStatic(java.lang.Object, java.lang.Object, int)'> (0x00000000a4572430) 
thrown [e:\jenkins\tmp\workspace\build\src\src\hotspot\share\interpreter\linkResolver.cpp, line 766]
Event: 19.062 Thread 0x0000026e63402ae0 Exception <a 'java/lang/IncompatibleClassChangeError'{0x00000000a45b60d8}: Found class java.lang.Object, but interface was expected> (0x00000000a45b60d8) 
thrown [e:\jenkins\tmp\workspace\build\src\src\hotspot\share\interpreter\linkResolver.cpp, line 833]
Event: 19.063 Thread 0x0000026e63402ae0 Exception <a 'java/lang/IncompatibleClassChangeError'{0x00000000a45bcc18}: Found class java.lang.Object, but interface was expected> (0x00000000a45bcc18) 
thrown [e:\jenkins\tmp\workspace\build\src\src\hotspot\share\interpreter\linkResolver.cpp, line 833]
Event: 19.181 Thread 0x0000026e63402ae0 Exception <a 'java/lang/NoSuchMethodError'{0x00000000a42791a0}: 'java.lang.Object java.lang.invoke.DirectMethodHandle$Holder.invokeStatic(java.lang.Object, int, java.lang.Object)'> (0x00000000a42791a0) 
thrown [e:\jenkins\tmp\workspace\build\src\src\hotspot\share\interpreter\linkResolver.cpp, line 766]
Event: 19.194 Thread 0x0000026e63402ae0 Exception <a 'java/lang/reflect/InvocationTargetException'{0x00000000a42b3f60}> (0x00000000a42b3f60) 
thrown [e:\jenkins\tmp\workspace\build\src\src\hotspot\share\runtime\reflection.cpp, line 1121]
Event: 19.280 Thread 0x0000026e63402ae0 Exception <a 'java/lang/NoSuchMethodError'{0x00000000a3ef0038}: 'long java.lang.invoke.DirectMethodHandle$Holder.invokeVirtual(java.lang.Object, java.lang.Object)'> (0x00000000a3ef0038) 
thrown [e:\jenkins\tmp\workspace\build\src\src\hotspot\share\interpreter\linkResolver.cpp, line 766]
Event: 19.289 Thread 0x0000026e63402ae0 Exception <a 'java/io/FileNotFoundException'{0x00000000a3d1da30}> (0x00000000a3d1da30) 
thrown [e:\jenkins\tmp\workspace\build\src\src\hotspot\share\prims\jni.cpp, line 516]
Event: 19.404 Thread 0x0000026e63402ae0 Exception <a 'java/lang/reflect/InvocationTargetException'{0x00000000a3a53378}> (0x00000000a3a53378) 
thrown [e:\jenkins\tmp\workspace\build\src\src\hotspot\share\runtime\reflection.cpp, line 1121]
Event: 19.444 Thread 0x0000026e63402ae0 Exception <a 'java/lang/NoSuchMethodError'{0x00000000a7759958}: 'int java.lang.invoke.DirectMethodHandle$Holder.invokeStaticInit(java.lang.Object, int, java.lang.Object, java.lang.Object, java.lang.Object, java.lang.Object)'> (0x00000000a7759958) 
thrown [e:\jenkins\tmp\workspace\build\src\src\hotspot\share\interpreter\linkResolver.cpp, line 766]
Event: 20.073 Thread 0x0000026e63402ae0 Exception <a 'sun/nio/fs/WindowsException'{0x00000000a490e828}> (0x00000000a490e828) 
thrown [e:\jenkins\tmp\workspace\build\src\src\hotspot\share\prims\jni.cpp, line 516]
Event: 20.195 Thread 0x0000026e63402ae0 Exception <a 'java/lang/IncompatibleClassChangeError'{0x00000000a47ac688}: Found class java.lang.Object, but interface was expected> (0x00000000a47ac688) 
thrown [e:\jenkins\tmp\workspace\build\src\src\hotspot\share\interpreter\linkResolver.cpp, line 833]
Event: 20.436 Thread 0x0000026e63402ae0 Exception <a 'java/lang/NoSuchMethodError'{0x00000000a41b0b40}: 'java.lang.Object java.lang.invoke.DirectMethodHandle$Holder.invokeInterface(java.lang.Object, java.lang.Object, java.lang.Object, java.lang.Object)'> (0x00000000a41b0b40) 
thrown [e:\jenkins\tmp\workspace\build\src\src\hotspot\share\interpreter\linkResolver.cpp, line 766]
Event: 20.551 Thread 0x0000026e63402ae0 Exception <a 'java/lang/NoSuchMethodError'{0x00000000a3fbc258}: 'void java.lang.invoke.DirectMethodHandle$Holder.invokeVirtual(java.lang.Object, java.lang.Object, long)'> (0x00000000a3fbc258) 
thrown [e:\jenkins\tmp\workspace\build\src\src\hotspot\share\interpreter\linkResolver.cpp, line 766]

VM Operations (20 events):
Event: 19.611 Executing VM operation: HandshakeAllThreads done
Event: 19.611 Executing VM operation: HandshakeAllThreads
Event: 19.611 Executing VM operation: HandshakeAllThreads done
Event: 19.907 Executing VM operation: HandshakeAllThreads
Event: 19.907 Executing VM operation: HandshakeAllThreads done
Event: 19.907 Executing VM operation: HandshakeAllThreads
Event: 19.908 Executing VM operation: HandshakeAllThreads done
Event: 19.968 Executing VM operation: HandshakeAllThreads
Event: 19.968 Executing VM operation: HandshakeAllThreads done
Event: 20.026 Executing VM operation: G1CollectForAllocation
Event: 20.031 Executing VM operation: G1CollectForAllocation done
Event: 20.069 Executing VM operation: G1Concurrent
Event: 20.073 Executing VM operation: G1Concurrent done
Event: 20.073 Executing VM operation: G1Concurrent
Event: 20.073 Executing VM operation: G1Concurrent done
Event: 20.603 Executing VM operation: HandshakeAllThreads
Event: 20.604 Executing VM operation: HandshakeAllThreads done
Event: 20.654 Executing VM operation: G1CollectForAllocation
Event: 20.658 Executing VM operation: G1CollectForAllocation done
Event: 21.667 Executing VM operation: Cleanup

Events (20 events):
Event: 19.917 Thread 0x0000026e62170040 flushing nmethod 0x0000026e4d2eff10
Event: 19.917 Thread 0x0000026e62170040 flushing nmethod 0x0000026e4d2fbe90
Event: 19.917 Thread 0x0000026e62170040 flushing nmethod 0x0000026e4d32a510
Event: 19.917 Thread 0x0000026e62170040 flushing nmethod 0x0000026e4d32f690
Event: 19.917 Thread 0x0000026e62170040 flushing nmethod 0x0000026e4d33c890
Event: 19.917 Thread 0x0000026e62170040 flushing nmethod 0x0000026e4d36f810
Event: 19.917 Thread 0x0000026e62170040 flushing nmethod 0x0000026e4d370a90
Event: 19.917 Thread 0x0000026e62170040 flushing nmethod 0x0000026e4d372610
Event: 19.917 Thread 0x0000026e62170040 flushing nmethod 0x0000026e4d380c90
Event: 19.917 Thread 0x0000026e62170040 flushing nmethod 0x0000026e4d382c90
Event: 19.917 Thread 0x0000026e62170040 flushing nmethod 0x0000026e4d384290
Event: 19.917 Thread 0x0000026e62170040 flushing nmethod 0x0000026e4d38a510
Event: 19.945 loading class java/util/Comparators$NullComparator
Event: 19.946 loading class java/util/Comparators$NullComparator done
Event: 20.131 loading class java/util/EnumMap$EntrySet
Event: 20.131 loading class java/util/EnumMap$EntrySet done
Event: 20.132 loading class java/util/EnumMap$EntryIterator
Event: 20.132 loading class java/util/EnumMap$EnumMapIterator
Event: 20.132 loading class java/util/EnumMap$EnumMapIterator done
Event: 20.132 loading class java/util/EnumMap$EntryIterator done


Dynamic libraries:
0x00007ff647a00000 - 0x00007ff647a0e000 	C:\Program Files\Eclipse Adoptium\jdk-17.0.2.8-hotspot\bin\java.exe
0x00007ffdb7c20000 - 0x00007ffdb7e89000 	C:\WINDOWS\SYSTEM32\ntdll.dll
0x00007ffdb7090000 - 0x00007ffdb7159000 	C:\WINDOWS\System32\KERNEL32.DLL
0x00007ffdb4db0000 - 0x00007ffdb51a3000 	C:\WINDOWS\System32\KERNELBASE.dll
0x00007ffdb5800000 - 0x00007ffdb594b000 	C:\WINDOWS\System32\ucrtbase.dll
0x00007ffda4b80000 - 0x00007ffda4b98000 	C:\Program Files\Eclipse Adoptium\jdk-17.0.2.8-hotspot\bin\jli.dll
0x00007ffda5c30000 - 0x00007ffda5c49000 	C:\Program Files\Eclipse Adoptium\jdk-17.0.2.8-hotspot\bin\VCRUNTIME140.dll
0x00007ffdb6c10000 - 0x00007ffdb6dd4000 	C:\WINDOWS\System32\USER32.dll
0x00007ffd97790000 - 0x00007ffd97a23000 	C:\WINDOWS\WinSxS\amd64_microsoft.windows.common-controls_6595b64144ccf1df_6.0.26100.5074_none_3e0d6f78e32fd63f\COMCTL32.dll
0x00007ffdb53f0000 - 0x00007ffdb5417000 	C:\WINDOWS\System32\win32u.dll
0x00007ffdb6de0000 - 0x00007ffdb6e0b000 	C:\WINDOWS\System32\GDI32.dll
0x00007ffdb6400000 - 0x00007ffdb64a9000 	C:\WINDOWS\System32\msvcrt.dll
0x00007ffdb56d0000 - 0x00007ffdb57fd000 	C:\WINDOWS\System32\gdi32full.dll
0x00007ffdb5620000 - 0x00007ffdb56c3000 	C:\WINDOWS\System32\msvcp_win.dll
0x00007ffdb71f0000 - 0x00007ffdb721f000 	C:\WINDOWS\System32\IMM32.DLL
0x0000026e430a0000 - 0x0000026e430b6000 	C:\WINDOWS\System32\umppc19907.dll
0x00007ffdb4a90000 - 0x00007ffdb4be5000 	C:\Program Files\Avecto\Privilege Guard Client\PGHook.dll
0x00007ffd88cb0000 - 0x00007ffd88cbc000 	C:\Program Files\Eclipse Adoptium\jdk-17.0.2.8-hotspot\bin\vcruntime140_1.dll
0x00007ffd677c0000 - 0x00007ffd67851000 	C:\Program Files\Eclipse Adoptium\jdk-17.0.2.8-hotspot\bin\msvcp140.dll
0x00007ffd25080000 - 0x00007ffd25cc7000 	C:\Program Files\Eclipse Adoptium\jdk-17.0.2.8-hotspot\bin\server\jvm.dll
0x00007ffdb78a0000 - 0x00007ffdb7954000 	C:\WINDOWS\System32\ADVAPI32.dll
0x00007ffdb6fe0000 - 0x00007ffdb7086000 	C:\WINDOWS\System32\sechost.dll
0x00007ffdb7960000 - 0x00007ffdb7a78000 	C:\WINDOWS\System32\RPCRT4.dll
0x00007ffdb7860000 - 0x00007ffdb7868000 	C:\WINDOWS\System32\PSAPI.DLL
0x00007ffd98820000 - 0x00007ffd9882a000 	C:\WINDOWS\SYSTEM32\WSOCK32.dll
0x00007ffdb7230000 - 0x00007ffdb72a4000 	C:\WINDOWS\System32\WS2_32.dll
0x00007ffdae580000 - 0x00007ffdae5b5000 	C:\WINDOWS\SYSTEM32\WINMM.dll
0x00007ffdae5c0000 - 0x00007ffdae5cb000 	C:\WINDOWS\SYSTEM32\VERSION.dll
0x00007ffdb3900000 - 0x00007ffdb391b000 	C:\WINDOWS\SYSTEM32\kernel.appcore.dll
0x00007ffd86880000 - 0x00007ffd8688a000 	C:\Program Files\Eclipse Adoptium\jdk-17.0.2.8-hotspot\bin\jimage.dll
0x00007ffdb1df0000 - 0x00007ffdb2032000 	C:\WINDOWS\SYSTEM32\DBGHELP.DLL
0x00007ffdb7460000 - 0x00007ffdb77db000 	C:\WINDOWS\System32\combase.dll
0x00007ffdb6160000 - 0x00007ffdb6237000 	C:\WINDOWS\System32\OLEAUT32.dll
0x00007ffd9b4e0000 - 0x00007ffd9b51d000 	C:\WINDOWS\SYSTEM32\dbgcore.DLL
0x00007ffdb5950000 - 0x00007ffdb59e9000 	C:\WINDOWS\System32\bcryptPrimitives.dll
0x00007ffd85b30000 - 0x00007ffd85b3e000 	C:\Program Files\Eclipse Adoptium\jdk-17.0.2.8-hotspot\bin\instrument.dll
0x00007ffd86850000 - 0x00007ffd86875000 	C:\Program Files\Eclipse Adoptium\jdk-17.0.2.8-hotspot\bin\java.dll
0x00007ffd60b90000 - 0x00007ffd60c66000 	C:\Program Files\Eclipse Adoptium\jdk-17.0.2.8-hotspot\bin\jsvml.dll
0x00007ffdb59f0000 - 0x00007ffdb613d000 	C:\WINDOWS\System32\SHELL32.dll
0x00007ffdb5420000 - 0x00007ffdb558c000 	C:\WINDOWS\System32\wintypes.dll
0x00007ffdb25b0000 - 0x00007ffdb2e09000 	C:\WINDOWS\SYSTEM32\windows.storage.dll
0x00007ffdb6ee0000 - 0x00007ffdb6fd0000 	C:\WINDOWS\System32\SHCORE.dll
0x00007ffdb6e20000 - 0x00007ffdb6e82000 	C:\WINDOWS\System32\shlwapi.dll
0x00007ffdb4cd0000 - 0x00007ffdb4cf9000 	C:\WINDOWS\SYSTEM32\profapi.dll
0x00007ffd83200000 - 0x00007ffd83218000 	C:\Program Files\Eclipse Adoptium\jdk-17.0.2.8-hotspot\bin\zip.dll
0x00007ffd86830000 - 0x00007ffd86849000 	C:\Program Files\Eclipse Adoptium\jdk-17.0.2.8-hotspot\bin\net.dll
0x00007ffdb3920000 - 0x00007ffdb3a3f000 	C:\WINDOWS\SYSTEM32\WINHTTP.dll
0x00007ffdb3fb0000 - 0x00007ffdb401b000 	C:\WINDOWS\system32\mswsock.dll
0x00007ffd86810000 - 0x00007ffd86825000 	C:\Program Files\Eclipse Adoptium\jdk-17.0.2.8-hotspot\bin\nio.dll
0x00007ffd81370000 - 0x00007ffd8138a000 	C:\Program Files (x86)\JetBrains\IntelliJ IDEA Community Edition 2024.1.4\bin\breakgen64.dll
0x00007ffd836d0000 - 0x00007ffd836d9000 	C:\Program Files\Eclipse Adoptium\jdk-17.0.2.8-hotspot\bin\management.dll
0x00007ffd831c0000 - 0x00007ffd831cb000 	C:\Program Files\Eclipse Adoptium\jdk-17.0.2.8-hotspot\bin\management_ext.dll
0x00007ffd831b0000 - 0x00007ffd831be000 	C:\Program Files\Eclipse Adoptium\jdk-17.0.2.8-hotspot\bin\sunmscapi.dll
0x00007ffdb51b0000 - 0x00007ffdb5327000 	C:\WINDOWS\System32\CRYPT32.dll
0x00007ffdb4470000 - 0x00007ffdb44a0000 	C:\WINDOWS\SYSTEM32\ncrypt.dll
0x00007ffdb4420000 - 0x00007ffdb445f000 	C:\WINDOWS\SYSTEM32\NTASN1.dll
0x00007ffdb4250000 - 0x00007ffdb426b000 	C:\WINDOWS\SYSTEM32\CRYPTSP.dll
0x00007ffdb3860000 - 0x00007ffdb389b000 	C:\WINDOWS\system32\rsaenh.dll
0x00007ffdb4050000 - 0x00007ffdb407b000 	C:\WINDOWS\SYSTEM32\USERENV.dll
0x00007ffdb4ca0000 - 0x00007ffdb4cc6000 	C:\WINDOWS\SYSTEM32\bcrypt.dll
0x00007ffdb4270000 - 0x00007ffdb427c000 	C:\WINDOWS\SYSTEM32\CRYPTBASE.dll
0x00007ffdb3110000 - 0x00007ffdb3144000 	C:\WINDOWS\SYSTEM32\IPHLPAPI.DLL
0x00007ffdb6e10000 - 0x00007ffdb6e1a000 	C:\WINDOWS\System32\NSI.dll
0x00007ffdae550000 - 0x00007ffdae56e000 	C:\WINDOWS\SYSTEM32\dhcpcsvc6.DLL
0x00007ffdae520000 - 0x00007ffdae543000 	C:\WINDOWS\SYSTEM32\dhcpcsvc.DLL
0x00007ffdb3150000 - 0x00007ffdb3276000 	C:\WINDOWS\SYSTEM32\DNSAPI.dll
0x00007ffd81a50000 - 0x00007ffd81a60000 	C:\Program Files\Eclipse Adoptium\jdk-17.0.2.8-hotspot\bin\verify.dll
0x00007ffdab5b0000 - 0x00007ffdab5bb000 	C:\Windows\System32\rasadhlp.dll
0x00007ffdaeac0000 - 0x00007ffdaeb46000 	C:\WINDOWS\System32\fwpuclnt.dll

dbghelp: loaded successfully - version: 4.0.5 - missing functions: none
symbol engine: initialized successfully - sym options: 0x614 - pdb path: .;C:\Program Files\Eclipse Adoptium\jdk-17.0.2.8-hotspot\bin;C:\WINDOWS\SYSTEM32;C:\WINDOWS\WinSxS\amd64_microsoft.windows.common-controls_6595b64144ccf1df_6.0.26100.5074_none_3e0d6f78e32fd63f;C:\Program Files\Avecto\Privilege Guard Client;C:\Program Files\Eclipse Adoptium\jdk-17.0.2.8-hotspot\bin\server;C:\Program Files (x86)\JetBrains\IntelliJ IDEA Community Edition 2024.1.4\bin

VM Arguments:
jvm_args: -javaagent:C:\Program Files (x86)\JetBrains\IntelliJ IDEA Community Edition 2024.1.4\lib\idea_rt.jar=57556:C:\Program Files (x86)\JetBrains\IntelliJ IDEA Community Edition 2024.1.4\bin -Dfile.encoding=UTF-8 
java_command: com.java.ipm.InsurancePolicyManagementApplication
java_class_path (initial): C:\Users\rkuma356\Desktop\ipm\backend\Insurance-Policy-management\target\classes;C:\Users\rkuma356\.m2\repository\org\springframework\boot\spring-boot-starter-data-jpa\3.4.2\spring-boot-starter-data-jpa-3.4.2.jar;C:\Users\rkuma356\.m2\repository\org\springframework\boot\spring-boot-starter\3.4.2\spring-boot-starter-3.4.2.jar;C:\Users\rkuma356\.m2\repository\org\springframework\boot\spring-boot-starter-logging\3.4.2\spring-boot-starter-logging-3.4.2.jar;C:\Users\rkuma356\.m2\repository\ch\qos\logback\logback-classic\1.5.16\logback-classic-1.5.16.jar;C:\Users\rkuma356\.m2\repository\ch\qos\logback\logback-core\1.5.16\logback-core-1.5.16.jar;C:\Users\rkuma356\.m2\repository\org\apache\logging\log4j\log4j-to-slf4j\2.24.3\log4j-to-slf4j-2.24.3.jar;C:\Users\rkuma356\.m2\repository\org\apache\logging\log4j\log4j-api\2.24.3\log4j-api-2.24.3.jar;C:\Users\rkuma356\.m2\repository\org\slf4j\jul-to-slf4j\2.0.16\jul-to-slf4j-2.0.16.jar;C:\Users\rkuma356\.m2\repository\jakarta\annotation\jakarta.annotation-api\2.1.1\jakarta.annotation-api-2.1.1.jar;C:\Users\rkuma356\.m2\repository\org\yaml\snakeyaml\2.3\snakeyaml-2.3.jar;C:\Users\rkuma356\.m2\repository\org\springframework\boot\spring-boot-starter-jdbc\3.4.2\spring-boot-starter-jdbc-3.4.2.jar;C:\Users\rkuma356\.m2\repository\com\zaxxer\HikariCP\5.1.0\HikariCP-5.1.0.jar;C:\Users\rkuma356\.m2\repository\org\springframework\spring-jdbc\6.2.2\spring-jdbc-6.2.2.jar;C:\Users\rkuma356\.m2\repository\org\hibernate\orm\hibernate-core\6.6.5.Final\hibernate-core-6.6.5.Final.jar;C:\Users\rkuma356\.m2\repository\jakarta\persistence\jakarta.persistence-api\3.1.0\jakarta.persistence-api-3.1.0.jar;C:\Users\rkuma356\.m2\repository\jakarta\transaction\jakarta.transaction-api\2.0.1\jakarta.transaction-api-2.0.1.jar;C:\Users\rkuma356\.m2\repository\org\jboss\logging\jboss-logging\3.6.1.Final\jboss-logging-3.6.1.Final.jar;C:\Users\rkuma356\.m2\repository\org\hibernate\common\hibernate-commons-annotations\7.0.3.Final\hibern
Launcher Type: SUN_STANDARD

[Global flags]
     intx CICompilerCount                          = 4                                         {product} {ergonomic}
     uint ConcGCThreads                            = 2                                         {product} {ergonomic}
     uint G1ConcRefinementThreads                  = 8                                         {product} {ergonomic}
   size_t G1HeapRegionSize                         = 1048576                                   {product} {ergonomic}
    uintx GCDrainStackTargetSize                   = 64                                        {product} {ergonomic}
   size_t InitialHeapSize                          = 100663296                                 {product} {ergonomic}
   size_t MarkStackSize                            = 4194304                                   {product} {ergonomic}
   size_t MaxHeapSize                              = 1585446912                                {product} {ergonomic}
   size_t MaxNewSize                               = 951058432                                 {product} {ergonomic}
   size_t MinHeapDeltaBytes                        = 1048576                                   {product} {ergonomic}
   size_t MinHeapSize                              = 8388608                                   {product} {ergonomic}
    uintx NonNMethodCodeHeapSize                   = 5839372                                {pd product} {ergonomic}
    uintx NonProfiledCodeHeapSize                  = 122909434                              {pd product} {ergonomic}
    uintx ProfiledCodeHeapSize                     = 122909434                              {pd product} {ergonomic}
    uintx ReservedCodeCacheSize                    = 251658240                              {pd product} {ergonomic}
     bool SegmentedCodeCache                       = true                                      {product} {ergonomic}
   size_t SoftMaxHeapSize                          = 1585446912                             {manageable} {ergonomic}
     bool UseCompressedClassPointers               = true                           {product lp64_product} {ergonomic}
     bool UseCompressedOops                        = true                           {product lp64_product} {ergonomic}
     bool UseG1GC                                  = true                                      {product} {ergonomic}
     bool UseLargePagesIndividualAllocation        = false                                  {pd product} {ergonomic}

Logging:
Log output configuration:
 #0: stdout all=warning uptime,level,tags
 #1: stderr all=off uptime,level,tags

Environment Variables:
PATH=C:\Program Files\Python312\Scripts\;C:\Program Files\Python312\;C:\Program Files (x86)\Microsoft SDKs\Azure\CLI2\wbin;C:\Program Files\Eclipse Adoptium\jdk-17.0.2.8-hotspot\bin;C:\Program Files\Eclipse Foundation\jdk-11.0.12.7-hotspot\bin;C:\WINDOWS\system32;C:\WINDOWS;C:\WINDOWS\System32\Wbem;C:\WINDOWS\System32\WindowsPowerShell\v1.0\;C:\WINDOWS\System32\OpenSSH\;C:\Program Files\PuTTY\;C:\Terraform;C:\Program Files\MySQL\MySQL Server 8.0\bin;C:\Users\rkuma356\Documents\cap\apache-maven-3.9.7-bin\apache-maven-3.9.7\bin;C:\Users\rkuma356\AppData\Roaming\npm;C:\Users\rkuma356\AppData\Roaming\Python\Python312\site-packages;C:\Program Files\nodejs;C:\MinGW\bin;C:\Program Files\ServiceNow\agent-client-collector\bin;C:\Program Files\ServiceNow\agent-client-collector\embedded\bin;C:\Users\rkuma356\AppData\Local\Microsoft\WindowsApps;C:\Users\rkuma356\AppData\Local\Programs\Git\cmd;C:\Users\rkuma356\AppData\Local\Programs\Microsoft VS Code\bin;
USERNAME=rkuma356
OS=Windows_NT
PROCESSOR_IDENTIFIER=AMD64 Family 23 Model 24 Stepping 1, AuthenticAMD



---------------  S Y S T E M  ---------------

OS:
 Windows 11 , 64 bit Build 26100 (10.0.26100.5074)
OS uptime: 6 days 22:19 hours

CPU: total 8 (initial active 8) (8 cores per cpu, 2 threads per core) family 23 model 24 stepping 1 microcode 0x8108109, cx8, cmov, fxsr, ht, mmx, 3dnowpref, sse, sse2, sse3, ssse3, sse4a, sse4.1, sse4.2, popcnt, lzcnt, tsc, tscinvbit, avx, avx2, aes, clmul, bmi1, bmi2, adx, sha, fma, vzeroupper, clflush, clflushopt

Memory: 4k page, system-wide physical 6045M (343M free)
TotalPageFile size 24477M (AvailPageFile size 7M)
current process WorkingSet (physical memory assigned to process): 252M, peak: 260M
current process commit charge ("private bytes"): 288M, peak: 294M

vm_info: OpenJDK 64-Bit Server VM (17.0.2+8) for windows-amd64 JRE (17.0.2+8), built on Jan 20 2022 04:52:34 by "" with MS VC++ 16.7 (VS2019)

END.
