#
# There is insufficient memory for the Java Runtime Environment to continue.
# Native memory allocation (mmap) failed to map 100663296 bytes for G1 virtual space
# Possible reasons:
#   The system is out of physical RAM or swap space
#   The process is running with CompressedOops enabled, and the Java Heap may be blocking the growth of the native heap
# Possible solutions:
#   Reduce memory load on the system
#   Increase physical memory or swap space
#   Check if swap backing store is full
#   Decrease Java heap size (-Xmx/-Xms)
#   Decrease number of Java threads
#   Decrease Java thread stack sizes (-Xss)
#   Set larger code cache with -XX:ReservedCodeCacheSize=
#   JVM is running with Unscaled Compressed Oops mode in which the Java heap is
#     placed in the first 4GB address space. The Java Heap base address is the
#     maximum limit for the native heap growth. Please use -XX:HeapBaseMinAddress
#     to set the Java Heap base and to place the Java Heap above 4GB virtual address.
# This output file may be truncated or incomplete.
#
#  Out of Memory Error (os_windows.cpp:3532), pid=10176, tid=9260
#
# JRE version:  (17.0.2+8) (build )
# Java VM: OpenJDK 64-Bit Server VM (17.0.2+8, mixed mode, sharing, tiered, compressed oops, compressed class ptrs, g1 gc, windows-amd64)
# No core dump will be written. Minidumps are not enabled by default on client versions of Windows
#

---------------  S U M M A R Y ------------

Command Line: -Dclassworlds.conf=C:\Users\rkuma356\Documents\cap\apache-maven-3.9.7-bin\apache-maven-3.9.7\bin\m2.conf -Dmaven.home=C:\Users\rkuma356\Documents\cap\apache-maven-3.9.7-bin\apache-maven-3.9.7 -Dlibrary.jansi.path=C:\Users\rkuma356\Documents\cap\apache-maven-3.9.7-bin\apache-maven-3.9.7\lib\jansi-native -Dmaven.multiModuleProjectDirectory=C:\Users\rkuma356\Desktop\ipm\backend\Insurance-Policy-management org.codehaus.plexus.classworlds.launcher.Launcher clean install

Host: AMD Ryzen 5 PRO 3500U w/ Radeon Vega Mobile Gfx, 8 cores, 5G,  Windows 11 , 64 bit Build 26100 (10.0.26100.5074)
Time: Mon Sep 29 12:24:08 2025 India Standard Time elapsed time: 2.090991 seconds (0d 0h 0m 2s)

---------------  T H R E A D  ---------------

Current thread (0x00000194de64e3d0):  JavaThread "Unknown thread" [_thread_in_vm, id=9260, stack(0x0000003d7f600000,0x0000003d7f700000)]

Stack: [0x0000003d7f600000,0x0000003d7f700000]
Native frames: (J=compiled Java code, j=interpreted, Vv=VM code, C=native code)
V  [jvm.dll+0x67564a]
V  [jvm.dll+0x82fc04]
V  [jvm.dll+0x8313ae]
V  [jvm.dll+0x831a13]
V  [jvm.dll+0x245235]
V  [jvm.dll+0x672539]
V  [jvm.dll+0x666e82]
V  [jvm.dll+0x30401b]
V  [jvm.dll+0x30b566]
V  [jvm.dll+0x35b1fe]
V  [jvm.dll+0x35b42f]
V  [jvm.dll+0x2daf58]
V  [jvm.dll+0x2dbec4]
V  [jvm.dll+0x801881]
V  [jvm.dll+0x368f81]
V  [jvm.dll+0x7e0cdc]
V  [jvm.dll+0x3eb8bf]
V  [jvm.dll+0x3ed441]
C  [jli.dll+0x5277]
C  [ucrtbase.dll+0x37b0]
C  [KERNEL32.DLL+0x2e8d7]
C  [ntdll.dll+0x8d9c]


---------------  P R O C E S S  ---------------

Threads class SMR info:
_java_thread_list=0x00007ffd25b95e98, length=0, elements={
}

Java Threads: ( => current thread )

Other Threads:
  0x00000194e00eea20 GCTaskThread "GC Thread#0" [stack: 0x0000003d7f700000,0x0000003d7f800000] [id=9656]
  0x00000194e00fb660 ConcurrentGCThread "G1 Main Marker" [stack: 0x0000003d7f800000,0x0000003d7f900000] [id=13332]
  0x00000194e00ff770 ConcurrentGCThread "G1 Conc#0" [stack: 0x0000003d7f900000,0x0000003d7fa00000] [id=2644]

[error occurred during error reporting (printing all threads), id 0xc0000005, EXCEPTION_ACCESS_VIOLATION (0xc0000005) at pc=0x00007ffd2536b9d7]

VM state: not at safepoint (not fully initialized)

VM Mutex/Monitor currently owned by a thread:  ([mutex/lock_event])
[0x00000194de64c330] Heap_lock - owner thread: 0x00000194de64e3d0

Heap address: 0x00000000a1800000, size: 1512 MB, Compressed Oops mode: 32-bit

CDS archive(s) mapped at: [0x0000000000000000-0x0000000000000000-0x0000000000000000), size 0, SharedBaseAddress: 0x0000000800000000, ArchiveRelocationMode: 0.
Narrow klass base: 0x0000000000000000, Narrow klass shift: 0, Narrow klass range: 0x0

GC Precious Log:
<Empty>

Heap:
 garbage-first heap   total 0K, used 0K [0x00000000a1800000, 0x0000000100000000)
  region size 1024K, 0 young (0K), 0 survivors (0K)

[error occurred during error reporting (printing heap information), id 0xc0000005, EXCEPTION_ACCESS_VIOLATION (0xc0000005) at pc=0x00007ffd2574e899]

GC Heap History (0 events):
No events

Deoptimization events (0 events):
No events

Classes unloaded (0 events):
No events

Classes redefined (0 events):
No events

Internal exceptions (0 events):
No events

VM Operations (0 events):
No events

Events (1 events):
Event: 0.049 Loaded shared library C:\Program Files\Eclipse Adoptium\jdk-17.0.2.8-hotspot\bin\java.dll


Dynamic libraries:
0x00007ff647a00000 - 0x00007ff647a0e000 	C:\Program Files\Eclipse Adoptium\jdk-17.0.2.8-hotspot\bin\java.exe
0x00007ffdb7c20000 - 0x00007ffdb7e89000 	C:\WINDOWS\SYSTEM32\ntdll.dll
0x00007ffdb7090000 - 0x00007ffdb7159000 	C:\WINDOWS\System32\KERNEL32.DLL
0x00007ffdb4db0000 - 0x00007ffdb51a3000 	C:\WINDOWS\System32\KERNELBASE.dll
0x00007ffdb5800000 - 0x00007ffdb594b000 	C:\WINDOWS\System32\ucrtbase.dll
0x00007ffda5c30000 - 0x00007ffda5c49000 	C:\Program Files\Eclipse Adoptium\jdk-17.0.2.8-hotspot\bin\VCRUNTIME140.dll
0x00007ffda4b80000 - 0x00007ffda4b98000 	C:\Program Files\Eclipse Adoptium\jdk-17.0.2.8-hotspot\bin\jli.dll
0x00007ffdb6c10000 - 0x00007ffdb6dd4000 	C:\WINDOWS\System32\USER32.dll
0x00007ffdb53f0000 - 0x00007ffdb5417000 	C:\WINDOWS\System32\win32u.dll
0x00007ffdb6de0000 - 0x00007ffdb6e0b000 	C:\WINDOWS\System32\GDI32.dll
0x00007ffd97790000 - 0x00007ffd97a23000 	C:\WINDOWS\WinSxS\amd64_microsoft.windows.common-controls_6595b64144ccf1df_6.0.26100.5074_none_3e0d6f78e32fd63f\COMCTL32.dll
0x00007ffdb56d0000 - 0x00007ffdb57fd000 	C:\WINDOWS\System32\gdi32full.dll
0x00007ffdb5620000 - 0x00007ffdb56c3000 	C:\WINDOWS\System32\msvcp_win.dll
0x00007ffdb6400000 - 0x00007ffdb64a9000 	C:\WINDOWS\System32\msvcrt.dll
0x00007ffdb71f0000 - 0x00007ffdb721f000 	C:\WINDOWS\System32\IMM32.DLL
0x00000194de9f0000 - 0x00000194dea06000 	C:\WINDOWS\System32\umppc19907.dll
0x00007ffdb4a90000 - 0x00007ffdb4be5000 	C:\Program Files\Avecto\Privilege Guard Client\PGHook.dll
0x00007ffd88cb0000 - 0x00007ffd88cbc000 	C:\Program Files\Eclipse Adoptium\jdk-17.0.2.8-hotspot\bin\vcruntime140_1.dll
0x00007ffd677c0000 - 0x00007ffd67851000 	C:\Program Files\Eclipse Adoptium\jdk-17.0.2.8-hotspot\bin\msvcp140.dll
0x00007ffd25080000 - 0x00007ffd25cc7000 	C:\Program Files\Eclipse Adoptium\jdk-17.0.2.8-hotspot\bin\server\jvm.dll
0x00007ffdb78a0000 - 0x00007ffdb7954000 	C:\WINDOWS\System32\ADVAPI32.dll
0x00007ffdb6fe0000 - 0x00007ffdb7086000 	C:\WINDOWS\System32\sechost.dll
0x00007ffdb7960000 - 0x00007ffdb7a78000 	C:\WINDOWS\System32\RPCRT4.dll
0x00007ffdb7860000 - 0x00007ffdb7868000 	C:\WINDOWS\System32\PSAPI.DLL
0x00007ffd98820000 - 0x00007ffd9882a000 	C:\WINDOWS\SYSTEM32\WSOCK32.dll
0x00007ffdb7230000 - 0x00007ffdb72a4000 	C:\WINDOWS\System32\WS2_32.dll
0x00007ffdae580000 - 0x00007ffdae5b5000 	C:\WINDOWS\SYSTEM32\WINMM.dll
0x00007ffdae5c0000 - 0x00007ffdae5cb000 	C:\WINDOWS\SYSTEM32\VERSION.dll
0x00007ffdb3900000 - 0x00007ffdb391b000 	C:\WINDOWS\SYSTEM32\kernel.appcore.dll
0x00007ffd88ca0000 - 0x00007ffd88caa000 	C:\Program Files\Eclipse Adoptium\jdk-17.0.2.8-hotspot\bin\jimage.dll
0x00007ffdb1df0000 - 0x00007ffdb2032000 	C:\WINDOWS\SYSTEM32\DBGHELP.DLL
0x00007ffdb7460000 - 0x00007ffdb77db000 	C:\WINDOWS\System32\combase.dll
0x00007ffdb6160000 - 0x00007ffdb6237000 	C:\WINDOWS\System32\OLEAUT32.dll
0x00007ffd9b4e0000 - 0x00007ffd9b51d000 	C:\WINDOWS\SYSTEM32\dbgcore.DLL
0x00007ffdb5950000 - 0x00007ffdb59e9000 	C:\WINDOWS\System32\bcryptPrimitives.dll
0x00007ffd86860000 - 0x00007ffd86885000 	C:\Program Files\Eclipse Adoptium\jdk-17.0.2.8-hotspot\bin\java.dll

dbghelp: loaded successfully - version: 4.0.5 - missing functions: none
symbol engine: initialized successfully - sym options: 0x614 - pdb path: .;C:\Program Files\Eclipse Adoptium\jdk-17.0.2.8-hotspot\bin;C:\WINDOWS\SYSTEM32;C:\WINDOWS\WinSxS\amd64_microsoft.windows.common-controls_6595b64144ccf1df_6.0.26100.5074_none_3e0d6f78e32fd63f;C:\Program Files\Avecto\Privilege Guard Client;C:\Program Files\Eclipse Adoptium\jdk-17.0.2.8-hotspot\bin\server

VM Arguments:
jvm_args: -Dclassworlds.conf=C:\Users\rkuma356\Documents\cap\apache-maven-3.9.7-bin\apache-maven-3.9.7\bin\m2.conf -Dmaven.home=C:\Users\rkuma356\Documents\cap\apache-maven-3.9.7-bin\apache-maven-3.9.7 -Dlibrary.jansi.path=C:\Users\rkuma356\Documents\cap\apache-maven-3.9.7-bin\apache-maven-3.9.7\lib\jansi-native -Dmaven.multiModuleProjectDirectory=C:\Users\rkuma356\Desktop\ipm\backend\Insurance-Policy-management 
java_command: org.codehaus.plexus.classworlds.launcher.Launcher clean install
java_class_path (initial): C:\Users\rkuma356\Documents\cap\apache-maven-3.9.7-bin\apache-maven-3.9.7\boot\plexus-classworlds-2.8.0.jar
Launcher Type: SUN_STANDARD

[Global flags]
     intx CICompilerCount                          = 4                                         {product} {ergonomic}
     uint ConcGCThreads                            = 2                                         {product} {ergonomic}
     uint G1ConcRefinementThreads                  = 8                                         {product} {ergonomic}
   size_t G1HeapRegionSize                         = 1048576                                   {product} {ergonomic}
    uintx GCDrainStackTargetSize                   = 64                                        {product} {ergonomic}
   size_t InitialHeapSize                          = 100663296                                 {product} {ergonomic}
   size_t MarkStackSize                            = 4194304                                   {product} {ergonomic}
   size_t MaxHeapSize                              = 1585446912                                {product} {ergonomic}
   size_t MinHeapDeltaBytes                        = 1048576                                   {product} {ergonomic}
   size_t MinHeapSize                              = 8388608                                   {product} {ergonomic}
    uintx NonNMethodCodeHeapSize                   = 5839372                                {pd product} {ergonomic}
    uintx NonProfiledCodeHeapSize                  = 122909434                              {pd product} {ergonomic}
    uintx ProfiledCodeHeapSize                     = 122909434                              {pd product} {ergonomic}
    uintx ReservedCodeCacheSize                    = 251658240                              {pd product} {ergonomic}
     bool SegmentedCodeCache                       = true                                      {product} {ergonomic}
   size_t SoftMaxHeapSize                          = 1585446912                             {manageable} {ergonomic}
     bool UseCompressedClassPointers               = true                           {product lp64_product} {ergonomic}
     bool UseCompressedOops                        = true                           {product lp64_product} {ergonomic}
     bool UseG1GC                                  = true                                      {product} {ergonomic}
     bool UseLargePagesIndividualAllocation        = false                                  {pd product} {ergonomic}

Logging:
Log output configuration:
 #0: stdout all=warning uptime,level,tags
 #1: stderr all=off uptime,level,tags

Environment Variables:
PATH=C:\Program Files\Python312\Scripts\;C:\Program Files\Python312\;C:\Program Files (x86)\Microsoft SDKs\Azure\CLI2\wbin;C:\Program Files\Eclipse Adoptium\jdk-17.0.2.8-hotspot\bin;C:\Program Files\Eclipse Foundation\jdk-11.0.12.7-hotspot\bin;C:\WINDOWS\system32;C:\WINDOWS;C:\WINDOWS\System32\Wbem;C:\WINDOWS\System32\WindowsPowerShell\v1.0\;C:\WINDOWS\System32\OpenSSH\;C:\Program Files\PuTTY\;C:\Terraform;C:\Program Files\MySQL\MySQL Server 8.0\bin;C:\Users\rkuma356\Documents\cap\apache-maven-3.9.7-bin\apache-maven-3.9.7\bin;C:\Users\rkuma356\AppData\Roaming\npm;C:\Users\rkuma356\AppData\Roaming\Python\Python312\site-packages;C:\Program Files\nodejs;C:\MinGW\bin;C:\Program Files\ServiceNow\agent-client-collector\bin;C:\Program Files\ServiceNow\agent-client-collector\embedded\bin;C:\Users\rkuma356\AppData\Local\Microsoft\WindowsApps;C:\Users\rkuma356\AppData\Local\Programs\Git\cmd;C:\Users\rkuma356\AppData\Local\Programs\Microsoft VS Code\bin;
USERNAME=rkuma356
OS=Windows_NT
PROCESSOR_IDENTIFIER=AMD64 Family 23 Model 24 Stepping 1, AuthenticAMD



---------------  S Y S T E M  ---------------

OS:
 Windows 11 , 64 bit Build 26100 (10.0.26100.5074)
OS uptime: 6 days 22:27 hours

CPU: total 8 (initial active 8) (8 cores per cpu, 2 threads per core) family 23 model 24 stepping 1 microcode 0x8108109, cx8, cmov, fxsr, ht, mmx, 3dnowpref, sse, sse2, sse3, ssse3, sse4a, sse4.1, sse4.2, popcnt, lzcnt, tsc, tscinvbit, avx, avx2, aes, clmul, bmi1, bmi2, adx, sha, fma, vzeroupper, clflush, clflushopt

Memory: 4k page, system-wide physical 6045M (432M free)
TotalPageFile size 24477M (AvailPageFile size 8M)
current process WorkingSet (physical memory assigned to process): 17M, peak: 17M
current process commit charge ("private bytes"): 60M, peak: 156M

vm_info: OpenJDK 64-Bit Server VM (17.0.2+8) for windows-amd64 JRE (17.0.2+8), built on Jan 20 2022 04:52:34 by "" with MS VC++ 16.7 (VS2019)

END.
